<?xml version="1.0" encoding="UTF-8"?>
<!-- Generated by org.testng.reporters.JUnitXMLReporter -->
<testsuite ignored="1" hostname="DESKTOP-065BF1N" failures="0" tests="6" name="Default test(failed)" time="22.896" errors="0" timestamp="2023-10-08T02:52:55 IST">
  <testcase classname="api.test.DDTests" name="testPostUser" time="14.733"/>
  <testcase classname="api.test.DDTests" name="testPostUser" time="1.383"/>
  <testcase classname="api.test.DDTests" name="testPostUser" time="1.346"/>
  <testcase classname="api.test.DDTests" name="testPostUser" time="1.389"/>
  <testcase classname="api.test.DDTests" name="testPostUser" time="1.312"/>
  <testcase classname="api.test.DDTests" name="testPostUser" time="1.296"/>
  <testcase classname="api.test.DDTests" name="testDeleteByUserName" time="0.0">
    <ignored/>
  </testcase> <!-- testDeleteByUserName -->
</testsuite> <!-- Default test(failed) -->
