<?xml version="1.0" encoding="UTF-8"?>
<!-- Generated by org.testng.reporters.JUnitXMLReporter -->
<testsuite ignored="0" hostname="DESKTOP-065BF1N" failures="0" tests="4" name="Default test" time="20.354" errors="0" timestamp="2023-10-08T15:42:57 IST">
  <testcase classname="api.test.UserTests" name="testPostUser" time="14.244"/>
  <testcase classname="api.test.UserTests" name="testGetUserByName" time="1.401"/>
  <testcase classname="api.test.UserTests" name="testUpdateUserByName" time="2.66"/>
  <testcase classname="api.test.UserTests" name="testDeleteUserByName" time="1.363"/>
</testsuite> <!-- Default test -->
