<?xml version="1.0" encoding="UTF-8"?>
<!-- Generated by org.testng.reporters.JUnitXMLReporter -->
<testsuite ignored="0" hostname="DESKTOP-065BF1N" failures="0" tests="4" name="PetTests" time="21.01" errors="0" timestamp="2023-10-08T21:58:35 IST">
  <testcase classname="api.test.UserTests2" name="testPostUser" time="14.28"/>
  <testcase classname="api.test.UserTests2" name="testGetUserByName" time="1.389"/>
  <testcase classname="api.test.UserTests2" name="testUpdateUserByName" time="2.937"/>
  <testcase classname="api.test.UserTests2" name="testDeleteUserByName" time="1.5"/>
</testsuite> <!-- PetTests -->
