<?xml version="1.0" encoding="UTF-8"?>
<testng-results ignored="0" total="4" passed="4" failed="0" skipped="0">
  <reporter-output>
  </reporter-output>
  <suite started-at="2023-10-10T22:44:13 IST" name="PetSuites" finished-at="2023-10-10T22:44:34 IST" duration-ms="20840">
    <groups>
    </groups>
    <test started-at="2023-10-10T22:44:13 IST" name="PetTests" finished-at="2023-10-10T22:44:34 IST" duration-ms="20840">
      <class name="api.test.UserTests2">
        <test-method is-config="true" signature="setupData()[pri:0, instance:api.test.UserTests2@e350b40]" started-at="2023-10-10T22:44:13 IST" name="setupData" finished-at="2023-10-10T22:44:14 IST" duration-ms="631" status="PASS">
          <reporter-output>
          </reporter-output>
        </test-method> <!-- setupData -->
        <test-method signature="testPostUser()[pri:1, instance:api.test.UserTests2@e350b40]" started-at="2023-10-10T22:44:14 IST" name="testPostUser" finished-at="2023-10-10T22:44:28 IST" duration-ms="14187" status="PASS">
          <reporter-output>
          </reporter-output>
        </test-method> <!-- testPostUser -->
        <test-method signature="testGetUserByName()[pri:2, instance:api.test.UserTests2@e350b40]" started-at="2023-10-10T22:44:28 IST" name="testGetUserByName" finished-at="2023-10-10T22:44:29 IST" duration-ms="1513" status="PASS">
          <reporter-output>
          </reporter-output>
        </test-method> <!-- testGetUserByName -->
        <test-method signature="testUpdateUserByName()[pri:3, instance:api.test.UserTests2@e350b40]" started-at="2023-10-10T22:44:30 IST" name="testUpdateUserByName" finished-at="2023-10-10T22:44:32 IST" duration-ms="2881" status="PASS">
          <reporter-output>
          </reporter-output>
        </test-method> <!-- testUpdateUserByName -->
        <test-method signature="testDeleteUserByName()[pri:4, instance:api.test.UserTests2@e350b40]" started-at="2023-10-10T22:44:32 IST" name="testDeleteUserByName" finished-at="2023-10-10T22:44:34 IST" duration-ms="1380" status="PASS">
          <reporter-output>
          </reporter-output>
        </test-method> <!-- testDeleteUserByName -->
      </class> <!-- api.test.UserTests2 -->
    </test> <!-- PetTests -->
  </suite> <!-- PetSuites -->
</testng-results>
