<?xml version="1.0" encoding="UTF-8"?>
<testng-results ignored="0" total="4" passed="4" failed="0" skipped="0">
  <reporter-output>
  </reporter-output>
  <suite started-at="2023-10-08T21:58:13 IST" name="PetSuites" finished-at="2023-10-08T21:58:34 IST" duration-ms="21010">
    <groups>
    </groups>
    <test started-at="2023-10-08T21:58:13 IST" name="PetTests" finished-at="2023-10-08T21:58:34 IST" duration-ms="21010">
      <class name="api.test.UserTests2">
        <test-method is-config="true" signature="setupData()[pri:0, instance:api.test.UserTests2@3a7442c7]" started-at="2023-10-08T21:58:14 IST" name="setupData" finished-at="2023-10-08T21:58:14 IST" duration-ms="639" status="PASS">
          <reporter-output>
          </reporter-output>
        </test-method> <!-- setupData -->
        <test-method signature="testPostUser()[pri:1, instance:api.test.UserTests2@3a7442c7]" started-at="2023-10-08T21:58:14 IST" name="testPostUser" finished-at="2023-10-08T21:58:29 IST" duration-ms="14280" status="PASS">
          <reporter-output>
          </reporter-output>
        </test-method> <!-- testPostUser -->
        <test-method signature="testGetUserByName()[pri:2, instance:api.test.UserTests2@3a7442c7]" started-at="2023-10-08T21:58:29 IST" name="testGetUserByName" finished-at="2023-10-08T21:58:30 IST" duration-ms="1389" status="PASS">
          <reporter-output>
          </reporter-output>
        </test-method> <!-- testGetUserByName -->
        <test-method signature="testUpdateUserByName()[pri:3, instance:api.test.UserTests2@3a7442c7]" started-at="2023-10-08T21:58:30 IST" name="testUpdateUserByName" finished-at="2023-10-08T21:58:33 IST" duration-ms="2937" status="PASS">
          <reporter-output>
          </reporter-output>
        </test-method> <!-- testUpdateUserByName -->
        <test-method signature="testDeleteUserByName()[pri:4, instance:api.test.UserTests2@3a7442c7]" started-at="2023-10-08T21:58:33 IST" name="testDeleteUserByName" finished-at="2023-10-08T21:58:34 IST" duration-ms="1500" status="PASS">
          <reporter-output>
          </reporter-output>
        </test-method> <!-- testDeleteUserByName -->
      </class> <!-- api.test.UserTests2 -->
    </test> <!-- PetTests -->
  </suite> <!-- PetSuites -->
</testng-results>
