<?xml version="1.0" encoding="UTF-8"?>
<!-- Generated by org.testng.reporters.JUnitXMLReporter -->
<testsuite ignored="0" hostname="DESKTOP-065BF1N" failures="0" tests="4" name="PetTests" time="23.331" errors="0" timestamp="2023-10-11T23:05:27 IST">
  <testcase classname="api.test.UserTests2" name="testPostUser" time="15.327"/>
  <testcase classname="api.test.UserTests2" name="testGetUserByName" time="1.654"/>
  <testcase classname="api.test.UserTests2" name="testUpdateUserByName" time="3.373"/>
  <testcase classname="api.test.UserTests2" name="testDeleteUserByName" time="1.63"/>
</testsuite> <!-- PetTests -->
