<?xml version="1.0" encoding="UTF-8"?>
<!-- Generated by org.testng.reporters.JUnitXMLReporter -->
<testsuite ignored="0" hostname="DESKTOP-065BF1N" failures="0" tests="4" name="PetTests" time="21.217" errors="0" timestamp="2023-10-09T00:30:07 IST">
  <testcase classname="api.test.UserTests2" name="testPostUser" time="14.081"/>
  <testcase classname="api.test.UserTests2" name="testGetUserByName" time="1.401"/>
  <testcase classname="api.test.UserTests2" name="testUpdateUserByName" time="2.896"/>
  <testcase classname="api.test.UserTests2" name="testDeleteUserByName" time="1.378"/>
</testsuite> <!-- PetTests -->
